INFO  
INFO  Detecting environment:
INFO  ----------------------
INFO  Java version 1.8.0_302
INFO  Detecting classpath.
INFO  Using classpath from Maven
INFO  Test output directory: /home/azureuser/actions-runner/_work/cover/CF/piggymetrics/config/src/test/java
INFO  Target directory: /home/azureuser/actions-runner/_work/cover/CF/piggymetrics/config/.diffblue
INFO  Auto-detected Java 1.8 language compliance level
INFO  Detected JUnit version 4.12
INFO  Detected Mockito version 2.15.0
INFO  Test validation supported by build environment
INFO  Checking test environment.
INFO  Prefixes for filtering classes/methods:
INFO    com.piggymetrics.config
INFO  Indexing.
INFO  Gathering methods to test.
INFO  Found 4 callable methods in 2 classes
INFO  
INFO  Creating tests:
INFO  ---------------
INFO      [1/4] com.piggymetrics.config.ConfigApplication.main
INFO      [1/4]   T006: Main method
INFO      [1/4]     It is difficult to assert on side effects of main methods in a unit test.
INFO      [1/4]     Refactor the main method. E.g. factor out its body into a separate,
INFO      [1/4]     accessible method that returns the results that should be asserted on.
INFO      [1/4]     See https://diff.blue/T006 for information on testing main methods.
INFO      [2/4] com.piggymetrics.config.ConfigApplication.<init>
INFO      [2/4]   R002: Missing observers
INFO      [2/4]     Diffblue Cover was unable to create an assertion.
INFO      [2/4]     There are no fields that could be asserted on.
INFO  Executing the Spring Boot application to determine configuration.
INFO  This may take a few moments.
INFO  Spring configuration loaded successfully.
INFO      [3/4] com.piggymetrics.config.SecurityConfig.configure
INFO      [3/4]   R004: No meaningful assertions found
INFO      [3/4]     Diffblue Cover was unable to create an assertion.
INFO      [3/4]     Make sure that fields modified by configure(HttpSecurity)
INFO      [3/4]     have package-private, protected, or public getters.
INFO      [3/4]     See https://diff.blue/R004 to resolve this issue.
INFO      [4/4] com.piggymetrics.config.SecurityConfig.<init>
INFO      [4/4]   T005: Trivial constructor
INFO      [4/4]     See https://diff.blue/T005
INFO  
INFO  Summary:
INFO  --------
INFO  Total:                                               4 methods
INFO  Tested indirectly via other methods:                 1 method
INFO      1 T005: Trivial constructor
INFO  Not unit-testable:                                   1 method
INFO      1 T006: Main method
INFO  No tests created for:                                2 methods
INFO      1 R002: Missing observers
INFO      1 R004: No meaningful assertions found
INFO  Check log file at /home/azureuser/actions-runner/_work/cover/CF/piggymetrics/.diffblue/log/cover-cli-[date].log for more details or run dcover with --verbose option.
INFO  Writing JSON report to /home/azureuser/actions-runner/_work/cover/CF/piggymetrics/config/report.json
